--- 2026-04-03 08:37:26 ---

Handles  NPM(K)    PM(K)      WS(K)     CPU(s)     Id  SI ProcessName           
-------  ------    -----      -----     ------     --  -- -----------           
   3205     161    91096     152236     242,80   8484   1 explorer              
   1179      74    86260      97312     239,09   9732   1 WINWORD               
    654      43    71776      89296     235,89   4060   1 WINWORD               



--- 2026-04-03 08:37:31 ---

Handles  NPM(K)    PM(K)      WS(K)     CPU(s)     Id  SI ProcessName           
-------  ------    -----      -----     ------     --  -- -----------           
   3226     162   100192     161468     243,80   8484   1 explorer              
   1179      74    86260      97312     239,09   9732   1 WINWORD               
    654      43    71776      89296     235,89   4060   1 WINWORD               



--- 2026-04-03 08:37:36 ---

Handles  NPM(K)    PM(K)      WS(K)     CPU(s)     Id  SI ProcessName           
-------  ------    -----      -----     ------     --  -- -----------           
   3239     161    99500     160764     244,58   8484   1 explorer              
   1176      74    86260      97312     239,11   9732   1 WINWORD               
    654      43    71776      89296     235,89   4060   1 WINWORD               



--- 2026-04-03 08:37:41 ---

Handles  NPM(K)    PM(K)      WS(K)     CPU(s)     Id  SI ProcessName           
-------  ------    -----      -----     ------     --  -- -----------           
   3242     162    99976     161288     245,20   8484   1 explorer              
   1169      72    85900      97160     239,11   9732   1 WINWORD               
    654      41    71340      89128     235,89   4060   1 WINWORD               



--- 2026-04-03 08:37:47 ---

Handles  NPM(K)    PM(K)      WS(K)     CPU(s)     Id  SI ProcessName           
-------  ------    -----      -----     ------     --  -- -----------           
   3242     162    99956     161264     245,83   8484   1 explorer              
   1169      72    85900      97160     239,11   9732   1 WINWORD               
    654      41    71340      89128     235,89   4060   1 WINWORD               



--- 2026-04-03 08:37:52 ---

Handles  NPM(K)    PM(K)      WS(K)     CPU(s)     Id  SI ProcessName           
-------  ------    -----      -----     ------     --  -- -----------           
   3244     161   101284     162096     246,50   8484   1 explorer              
   1169      72    85900      97160     239,11   9732   1 WINWORD               
    654      41    71340      89128     235,89   4060   1 WINWORD               



--- 2026-04-03 08:37:57 ---

Handles  NPM(K)    PM(K)      WS(K)     CPU(s)     Id  SI ProcessName           
-------  ------    -----      -----     ------     --  -- -----------           
   3245     161   101284     162624     247,09   8484   1 explorer              
   1190      76   126972     118736     239,56   9732   1 WINWORD               
    654      41    71340      89128     235,89   4060   1 WINWORD               



--- 2026-04-03 08:38:02 ---

Handles  NPM(K)    PM(K)      WS(K)     CPU(s)     Id  SI ProcessName           
-------  ------    -----      -----     ------     --  -- -----------           
   3252     161    99432     160784     247,52   8484   1 explorer              
   1193      77   130856     133284     240,20   9732   1 WINWORD               
    654      41    71340      89128     235,91   4060   1 WINWORD               



--- 2026-04-03 08:38:07 ---

Handles  NPM(K)    PM(K)      WS(K)     CPU(s)     Id  SI ProcessName           
-------  ------    -----      -----     ------     --  -- -----------           
   3254     161    99776     161156     248,02   8484   1 explorer              
   1193      77   130176     133456     240,55   9732   1 WINWORD               
    654      41    71340      89128     235,91   4060   1 WINWORD               



--- 2026-04-03 08:38:13 ---

Handles  NPM(K)    PM(K)      WS(K)     CPU(s)     Id  SI ProcessName           
-------  ------    -----      -----     ------     --  -- -----------           
   3274     161    99508     161100     248,20   8484   1 explorer              
   1189      77   130004     133328     240,56   9732   1 WINWORD               
    654      41    71340      89128     235,91   4060   1 WINWORD               



--- 2026-04-03 08:38:18 ---

Handles  NPM(K)    PM(K)      WS(K)     CPU(s)     Id  SI ProcessName           
-------  ------    -----      -----     ------     --  -- -----------           
   3274     162   100112     161708     248,41   8484   1 explorer              
   1190      77   133120     137896     240,84   9732   1 WINWORD               
    654      41    71340      89128     235,92   4060   1 WINWORD               



--- 2026-04-03 08:38:23 ---

Handles  NPM(K)    PM(K)      WS(K)     CPU(s)     Id  SI ProcessName           
-------  ------    -----      -----     ------     --  -- -----------           
   3279     162    99572     161192     248,88   8484   1 explorer              
   1199      77   133552     138064     241,67   9732   1 WINWORD               
    654      41    71340      89128     235,92   4060   1 WINWORD               



--- 2026-04-03 08:38:28 ---

Handles  NPM(K)    PM(K)      WS(K)     CPU(s)     Id  SI ProcessName           
-------  ------    -----      -----     ------     --  -- -----------           
   3280     162    99572     161200     249,16   8484   1 explorer              
   1199      77   132196     138232     243,08   9732   1 WINWORD               
    654      41    71340      89128     235,92   4060   1 WINWORD               



--- 2026-04-03 08:38:33 ---

Handles  NPM(K)    PM(K)      WS(K)     CPU(s)     Id  SI ProcessName           
-------  ------    -----      -----     ------     --  -- -----------           
   3278     162    99900     161524     249,38   8484   1 explorer              
   1199      77   133192     138940     244,23   9732   1 WINWORD               
    654      41    71340      89128     235,92   4060   1 WINWORD               



--- 2026-04-03 08:38:39 ---

Handles  NPM(K)    PM(K)      WS(K)     CPU(s)     Id  SI ProcessName           
-------  ------    -----      -----     ------     --  -- -----------           
   3271     161    99824     161496     249,61   8484   1 explorer              
   1199      77   132944     138696     244,58   9732   1 WINWORD               
    654      41    71340      89128     235,92   4060   1 WINWORD               



--- 2026-04-03 08:38:44 ---

Handles  NPM(K)    PM(K)      WS(K)     CPU(s)     Id  SI ProcessName           
-------  ------    -----      -----     ------     --  -- -----------           
   3269     161    99420     161156     249,92   8484   1 explorer              
   1196      76   132112     132592     245,05   9732   1 WINWORD               
    654      41    71340      89128     235,92   4060   1 WINWORD               



--- 2026-04-03 08:38:49 ---

Handles  NPM(K)    PM(K)      WS(K)     CPU(s)     Id  SI ProcessName           
-------  ------    -----      -----     ------     --  -- -----------           
   3269     161   100024     161752     250,27   8484   1 explorer              
   1196      76   130772     131256     245,11   9732   1 WINWORD               
    654      41    71340      89128     235,92   4060   1 WINWORD               



